<?xml version="1.0" encoding="UTF-8"?>
<!-- Generated by org.testng.reporters.JUnitReportReporter -->
<testsuite hostname="MAROTIPAWAR" failures="0" tests="1" name="functionality.AddCart_addAddress" time="96.589" errors="0" timestamp="18 Apr 2022 07:56:50 GMT" skipped="0">
  <testcase classname="functionality.AddCart_addAddress" name="products" time="96.589"/>
</testsuite> <!-- functionality.AddCart_addAddress -->
