<?xml version="1.0" encoding="UTF-8"?>
<!-- Generated by org.testng.reporters.JUnitReportReporter -->
<testsuite hostname="MAROTIPAWAR" failures="0" tests="1" name="functionality.LovinValid" time="8.385" errors="0" timestamp="18 Apr 2022 07:02:28 GMT" skipped="0">
  <testcase classname="functionality.LovinValid" name="login_valid" time="8.385"/>
</testsuite> <!-- functionality.LovinValid -->
