<?xml version="1.0" encoding="UTF-8"?>
<!-- Generated by org.testng.reporters.JUnitReportReporter -->
<testsuite hostname="MAROTIPAWAR" failures="0" tests="1" name="functionality.SearchProductInValid" time="8.717" errors="0" timestamp="18 Apr 2022 07:48:59 GMT" skipped="0">
  <testcase classname="functionality.SearchProductInValid" name="searchproducts" time="8.717"/>
</testsuite> <!-- functionality.SearchProductInValid -->
