<?xml version="1.0" encoding="UTF-8"?>
<!-- Generated by org.testng.reporters.JUnitReportReporter -->
<testsuite hostname="MAROTIPAWAR" failures="0" tests="1" name="functionality.ProductValid" time="88.591" errors="0" timestamp="18 Apr 2022 07:52:08 GMT" skipped="0">
  <testcase classname="functionality.ProductValid" name="products" time="88.591"/>
</testsuite> <!-- functionality.ProductValid -->
