<?xml version="1.0" encoding="UTF-8"?>
<!-- Generated by org.testng.reporters.JUnitReportReporter -->
<testsuite hostname="MAROTIPAWAR" failures="0" tests="1" name="functionality.SearchProductValid" time="10.205" errors="0" timestamp="18 Apr 2022 07:44:46 GMT" skipped="0">
  <testcase classname="functionality.SearchProductValid" name="searchproducts" time="10.205"/>
</testsuite> <!-- functionality.SearchProductValid -->
