<?xml version="1.0" encoding="UTF-8"?>
<!-- Generated by org.testng.reporters.JUnitReportReporter -->
<testsuite hostname="MAROTIPAWAR" failures="0" tests="1" name="functionality.RegistrationInValid" time="5.472" errors="0" timestamp="18 Apr 2022 07:08:04 GMT" skipped="0">
  <testcase classname="functionality.RegistrationInValid" name="registration" time="5.472"/>
</testsuite> <!-- functionality.RegistrationInValid -->
