<?xml version="1.0" encoding="UTF-8"?>
<!-- Generated by org.testng.reporters.JUnitReportReporter -->
<testsuite hostname="MAROTIPAWAR" failures="0" tests="1" name="functionality.UpdateCustomerInformation" time="61.239" errors="0" timestamp="18 Apr 2022 09:05:24 GMT" skipped="0">
  <testcase classname="functionality.UpdateCustomerInformation" name="UpdateInformation" time="61.239"/>
</testsuite> <!-- functionality.UpdateCustomerInformation -->
